INFO:     Will watch for changes in these directories: ['/Users/ashwin/zs/wokring-novasonic-demo/ai-demo-3/backend']
INFO:     Uvicorn running on http://0.0.0.0:8000 (Press CTRL+C to quit)
INFO:     Started reloader process [17142] using StatReload
2025-11-17 21:32:09,413 - app.main - WARNING - ⚠️  Guardrails disabled - import failed: No module named 'pandas'
2025-11-17 21:32:09,413 - app.main - WARNING - Install dependencies: pip install pandas openpyxl
INFO:     Started server process [17157]
INFO:     Waiting for application startup.
2025-11-17 21:32:09,417 - app.main - INFO - Starting AI Demo 3 Backend
2025-11-17 21:32:09,417 - app.services.session_manager - INFO - Cleanup task started
INFO:     Application startup complete.
INFO:     127.0.0.1:51647 - "GET /health HTTP/1.1" 200 OK
INFO:     127.0.0.1:51651 - "GET / HTTP/1.1" 200 OK
WARNING:  StatReload detected changes in 'app/config.py'. Reloading...
INFO:     Shutting down
INFO:     Waiting for application shutdown.
2025-11-17 21:32:45,375 - app.main - INFO - Shutting down AI Demo 3 Backend
2025-11-17 21:32:45,375 - app.services.session_manager - INFO - Shutting down session manager
2025-11-17 21:32:45,375 - app.services.session_manager - INFO - Cleanup task stopped
2025-11-17 21:32:45,375 - app.services.session_manager - INFO - Session manager shutdown complete
INFO:     Application shutdown complete.
INFO:     Finished server process [17157]
2025-11-17 21:32:45,727 - app.main - WARNING - ⚠️  Guardrails disabled - import failed: No module named 'pandas'
2025-11-17 21:32:45,727 - app.main - WARNING - Install dependencies: pip install pandas openpyxl
INFO:     Started server process [17909]
INFO:     Waiting for application startup.
2025-11-17 21:32:45,732 - app.main - INFO - Starting AI Demo 3 Backend
2025-11-17 21:32:45,732 - app.services.session_manager - INFO - Cleanup task started
INFO:     Application startup complete.
